<?xml version="1.0" encoding="UTF-8"?>
<testsuite xmlns:xsi="http://www.w3.org/2001/XMLSchema-instance" xsi:noNamespaceSchemaLocation="https://maven.apache.org/surefire/maven-surefire-plugin/xsd/surefire-test-report-3.0.xsd" version="3.0" name="com.c1645njava.NoCountry.NoCountryApplicationTests" time="4.359" tests="1" errors="0" skipped="0" failures="0">
  <properties>
[...]
</properties>
  <testcase name="contextLoads" classname="com.c1645njava.NoCountry.NoCountryApplicationTests" time="0.418">
    <system-out><![CDATA[16:02:14.914 [main] INFO org.springframework.test.context.support.AnnotationConfigContextLoaderUtils -- Could not detect default configuration classes for test class [com.c1645njava.NoCountry.NoCountryApplicationTests]: NoCountryApplicationTests does not declare any static, non-private, non-final, nested classes annotated with @Configuration.
16:02:14.989 [main] INFO org.springframework.boot.test.context.SpringBootTestContextBootstrapper -- Found @SpringBootConfiguration com.c1645njava.NoCountry.NoCountryApplication for test class com.c1645njava.NoCountry.NoCountryApplicationTests
16:02:15.144 [main] INFO org.springframework.boot.devtools.restart.RestartApplicationListener -- Restart disabled due to context in which it is running

  .   ____          _            __ _ _
 /\\ / ___'_ __ _ _(_)_ __  __ _ \ \ \ \
( ( )\___ | '_ | '_| | '_ \/ _` | \ \ \ \
 \\/  ___)| |_)| | | | | || (_| |  ) ) ) )
  '  |____| .__|_| |_|_| |_\__, | / / / /
 =========|_|==============|___/=/_/_/_/
 :: Spring Boot ::                (v3.2.2)

2024-03-16T16:02:15.338-03:00  INFO 18884 --- [           main] c.c.NoCountry.NoCountryApplicationTests  : Starting NoCountryApplicationTests using Java 17.0.10 with PID 18884 (started by Luciano in C:\Users\Luciano\Desktop\c16-45-n-java\BackEnd)
2024-03-16T16:02:15.339-03:00  INFO 18884 --- [           main] c.c.NoCountry.NoCountryApplicationTests  : The following 1 profile is active: "dev"
2024-03-16T16:02:15.952-03:00  INFO 18884 --- [           main] .s.d.r.c.RepositoryConfigurationDelegate : Bootstrapping Spring Data JPA repositories in DEFAULT mode.
2024-03-16T16:02:16.007-03:00  INFO 18884 --- [           main] .s.d.r.c.RepositoryConfigurationDelegate : Finished Spring Data repository scanning in 47 ms. Found 3 JPA repository interfaces.
2024-03-16T16:02:16.409-03:00  INFO 18884 --- [           main] o.hibernate.jpa.internal.util.LogHelper  : HHH000204: Processing PersistenceUnitInfo [name: default]
2024-03-16T16:02:16.455-03:00  INFO 18884 --- [           main] org.hibernate.Version                    : HHH000412: Hibernate ORM core version 6.4.1.Final
2024-03-16T16:02:16.481-03:00  INFO 18884 --- [           main] o.h.c.internal.RegionFactoryInitiator    : HHH000026: Second-level cache disabled
2024-03-16T16:02:16.706-03:00  INFO 18884 --- [           main] o.s.o.j.p.SpringPersistenceUnitInfo      : No LoadTimeWeaver setup: ignoring JPA class transformer
2024-03-16T16:02:16.737-03:00  INFO 18884 --- [           main] com.zaxxer.hikari.HikariDataSource       : HikariPool-1 - Starting...
2024-03-16T16:02:16.888-03:00  INFO 18884 --- [           main] com.zaxxer.hikari.pool.HikariPool        : HikariPool-1 - Added connection com.mysql.cj.jdbc.ConnectionImpl@793cef95
2024-03-16T16:02:16.891-03:00  INFO 18884 --- [           main] com.zaxxer.hikari.HikariDataSource       : HikariPool-1 - Start completed.
2024-03-16T16:02:16.946-03:00  WARN 18884 --- [           main] org.hibernate.dialect.Dialect            : HHH000511: The 5.5.0 version for [org.hibernate.dialect.MySQLDialect] is no longer supported, hence certain features may not work properly. The minimum supported version is 8.0.0. Check the community dialects project for available legacy versions.
2024-03-16T16:02:17.663-03:00  INFO 18884 --- [           main] o.h.e.t.j.p.i.JtaPlatformInitiator       : HHH000489: No JTA platform available (set 'hibernate.transaction.jta.platform' to enable JTA platform integration)
Hibernate: drop table if exists categorias
Hibernate: drop table if exists productos
Hibernate: drop table if exists usuario
Hibernate: create table categorias (activo bit not null, id bigint not null auto_increment, descripcion varchar(255), nombre varchar(255), primary key (id)) engine=InnoDB
Hibernate: create table productos (activo bit not null, cantidad integer not null, fecha_alta date not null, id integer not null auto_increment, precio float(53) not null, detalle varchar(50) not null, imagen_url varchar(1000), categoria varchar(255), codigo_barra varchar(255), marca varchar(255), nombre_proveedor varchar(255), primary key (id)) engine=InnoDB
Hibernate: create table usuario (correo varchar(255), id varchar(255) not null, nombre varchar(255), password varchar(255), rol enum ('USER','ADMIN'), primary key (id)) engine=InnoDB
Hibernate: alter table usuario add constraint UK_2mlfr087gb1ce55f2j87o74t unique (correo)
2024-03-16T16:02:17.786-03:00  INFO 18884 --- [           main] j.LocalContainerEntityManagerFactoryBean : Initialized JPA EntityManagerFactory for persistence unit 'default'
2024-03-16T16:02:18.282-03:00  INFO 18884 --- [           main] o.s.b.a.w.s.WelcomePageHandlerMapping    : Adding welcome page: class path resource [static/index.html]
2024-03-16T16:02:18.467-03:00  INFO 18884 --- [           main] o.s.s.web.DefaultSecurityFilterChain     : Will secure any request with [org.springframework.security.web.session.DisableEncodeUrlFilter@6447dc25, org.springframework.security.web.context.request.async.WebAsyncManagerIntegrationFilter@705dc1a6, org.springframework.security.web.context.SecurityContextHolderFilter@6d387e9b, org.springframework.security.web.header.HeaderWriterFilter@6bd8c398, org.springframework.web.filter.CorsFilter@4a45ff31, org.springframework.security.web.authentication.logout.LogoutFilter@3549c070, com.c1645njava.NoCountry.security.JwtAuthenticatorFilter@1f6ba47b, org.springframework.security.web.savedrequest.RequestCacheAwareFilter@2c7607e5, org.springframework.security.web.servletapi.SecurityContextHolderAwareRequestFilter@533a27f8, org.springframework.security.web.authentication.AnonymousAuthenticationFilter@7af7c9aa, org.springframework.security.web.session.SessionManagementFilter@1e487d57, org.springframework.security.web.access.ExceptionTranslationFilter@16279a5d, org.springframework.security.web.access.intercept.AuthorizationFilter@2932721e]
2024-03-16T16:02:18.713-03:00  INFO 18884 --- [           main] c.c.NoCountry.NoCountryApplicationTests  : Started NoCountryApplicationTests in 3.582 seconds (process running for 4.322)
]]></system-out>
  </testcase>
</testsuite>